[0214/180044.399:WARNING:sqlite_persistent_store_backend_base.cc(171)] Failed to post task from FlushAndNotifyInBackground@../../net/extras/sqlite/sqlite_persistent_store_backend_base.cc:220 to client_task_runner_.
[0214/180044.399:WARNING:sqlite_persistent_store_backend_base.cc(171)] Failed to post task from FlushAndNotifyInBackground@../../net/extras/sqlite/sqlite_persistent_store_backend_base.cc:220 to client_task_runner_.
[0218/014916.844:WARNING:value_store_frontend.cc(44)] Reading mhjfbmdgcfjbbpaeojofohoefgiehjai.alarms from  failed: IO error: .../MANIFEST-000001: Unable to create sequential file (ChromeMethodBFE: 7::NewSequentialFile::1)
[0218/014928.196:ERROR:audio_rtp_receiver.cc(89)] AudioRtpReceiver::OnSetVolume: No audio channel exists.
[0218/014928.197:WARNING:used_ids.h(55)] Duplicate id found. Reassigning from 104 to 127
[0218/014928.197:WARNING:used_ids.h(55)] Duplicate id found. Reassigning from 102 to 125
[0218/014928.197:WARNING:used_ids.h(55)] Duplicate id found. Reassigning from 104 to 124
[0218/014928.197:WARNING:used_ids.h(55)] Duplicate id found. Reassigning from 106 to 123
[0218/014928.197:WARNING:used_ids.h(55)] Duplicate id found. Reassigning from 103 to 122
[0218/014928.197:WARNING:used_ids.h(55)] Duplicate id found. Reassigning from 105 to 121
[0218/014928.197:WARNING:used_ids.h(55)] Duplicate id found. Reassigning from 109 to 120
[0218/014928.197:WARNING:used_ids.h(55)] Duplicate id found. Reassigning from 1 to 14
[0218/014928.197:WARNING:used_ids.h(55)] Duplicate id found. Reassigning from 3 to 13
[0218/014928.197:WARNING:used_ids.h(55)] Duplicate id found. Reassigning from 5 to 12
[0218/014928.197:WARNING:used_ids.h(55)] Duplicate id found. Reassigning from 6 to 11
[0218/014936.329:ERROR:audio_rtp_receiver.cc(89)] AudioRtpReceiver::OnSetVolume: No audio channel exists.
[0218/014936.329:WARNING:used_ids.h(55)] Duplicate id found. Reassigning from 104 to 127
[0218/014936.329:WARNING:used_ids.h(55)] Duplicate id found. Reassigning from 102 to 125
[0218/014936.329:WARNING:used_ids.h(55)] Duplicate id found. Reassigning from 104 to 124
[0218/014936.329:WARNING:used_ids.h(55)] Duplicate id found. Reassigning from 106 to 123
[0218/014936.329:WARNING:used_ids.h(55)] Duplicate id found. Reassigning from 103 to 122
[0218/014936.329:WARNING:used_ids.h(55)] Duplicate id found. Reassigning from 105 to 121
[0218/014936.329:WARNING:used_ids.h(55)] Duplicate id found. Reassigning from 109 to 120
[0218/014936.329:WARNING:used_ids.h(55)] Duplicate id found. Reassigning from 1 to 14
[0218/014936.329:WARNING:used_ids.h(55)] Duplicate id found. Reassigning from 3 to 13
[0218/014936.329:WARNING:used_ids.h(55)] Duplicate id found. Reassigning from 5 to 12
[0218/014936.329:WARNING:used_ids.h(55)] Duplicate id found. Reassigning from 6 to 11
[0218/014947.240:ERROR:batching_media_log.cc(38)] MediaEvent: {"error":"FFmpegDemuxer: no supported streams"}
[0218/014947.241:ERROR:batching_media_log.cc(35)] MediaEvent: {"pipeline_error":14}
[0218/014947.546:ERROR:batching_media_log.cc(38)] MediaEvent: {"error":"FFmpegDemuxer: no supported streams"}
[0218/014947.546:ERROR:batching_media_log.cc(35)] MediaEvent: {"pipeline_error":14}
